{"/home/thiagobutignon/dev/free-the-freela/src/index.tsx": {"path":"/home/thiagobutignon/dev/free-the-freela/src/index.tsx","statementMap":{"0":{"start":{"line":10,"column":13},"end":{"line":12,"column":1}},"1":{"start":{"line":14,"column":0},"end":{"line":20,"column":1}},"2":{"start":{"line":25,"column":0},"end":{"line":25,"column":17}}},"fnMap":{},"branchMap":{},"s":{"0":0,"1":0,"2":0},"f":{},"b":{}}
,"/home/thiagobutignon/dev/free-the-freela/src/reportWebVitals.ts": {"path":"/home/thiagobutignon/dev/free-the-freela/src/reportWebVitals.ts","statementMap":{"0":{"start":{"line":3,"column":24},"end":{"line":13,"column":1}},"1":{"start":{"line":4,"column":2},"end":{"line":12,"column":3}},"2":{"start":{"line":5,"column":4},"end":{"line":11,"column":7}},"3":{"start":{"line":6,"column":6},"end":{"line":6,"column":26}},"4":{"start":{"line":7,"column":6},"end":{"line":7,"column":26}},"5":{"start":{"line":8,"column":6},"end":{"line":8,"column":26}},"6":{"start":{"line":9,"column":6},"end":{"line":9,"column":26}},"7":{"start":{"line":10,"column":6},"end":{"line":10,"column":27}}},"fnMap":{"0":{"name":"(anonymous_0)","decl":{"start":{"line":3,"column":24},"end":{"line":3,"column":25}},"loc":{"start":{"line":3,"column":57},"end":{"line":13,"column":1}},"line":3},"1":{"name":"(anonymous_1)","decl":{"start":{"line":5,"column":30},"end":{"line":5,"column":31}},"loc":{"start":{"line":5,"column":79},"end":{"line":11,"column":5}},"line":5}},"branchMap":{"0":{"loc":{"start":{"line":4,"column":2},"end":{"line":12,"column":3}},"type":"if","locations":[{"start":{"line":4,"column":2},"end":{"line":12,"column":3}},{"start":{},"end":{}}],"line":4},"1":{"loc":{"start":{"line":4,"column":6},"end":{"line":4,"column":52}},"type":"binary-expr","locations":[{"start":{"line":4,"column":6},"end":{"line":4,"column":17}},{"start":{"line":4,"column":21},"end":{"line":4,"column":52}}],"line":4}},"s":{"0":0,"1":0,"2":0,"3":0,"4":0,"5":0,"6":0,"7":0},"f":{"0":0,"1":0},"b":{"0":[0,0],"1":[0,0]}}
,"/home/thiagobutignon/dev/free-the-freela/src/data/mocks/index.ts": {"path":"/home/thiagobutignon/dev/free-the-freela/src/data/mocks/index.ts","statementMap":{},"fnMap":{},"branchMap":{},"s":{},"f":{},"b":{},"_coverageSchema":"1a1c01bbd47fc00a2c39e90264f33305004495a9","hash":"9872d4a8d71e2567143a5f05d12ef65c2ab7e8c0"}
,"/home/thiagobutignon/dev/free-the-freela/src/data/mocks/mock-http.ts": {"path":"/home/thiagobutignon/dev/free-the-freela/src/data/mocks/mock-http.ts","statementMap":{"0":{"start":{"line":5,"column":31},"end":{"line":10,"column":2}},"1":{"start":{"line":5,"column":51},"end":{"line":10,"column":1}},"2":{"start":{"line":17,"column":30},"end":{"line":19,"column":3}},"3":{"start":{"line":22,"column":4},"end":{"line":22,"column":23}},"4":{"start":{"line":23,"column":4},"end":{"line":23,"column":29}},"5":{"start":{"line":24,"column":4},"end":{"line":24,"column":25}},"6":{"start":{"line":25,"column":4},"end":{"line":25,"column":31}},"7":{"start":{"line":26,"column":4},"end":{"line":26,"column":24}}},"fnMap":{"0":{"name":"(anonymous_0)","decl":{"start":{"line":5,"column":31},"end":{"line":5,"column":32}},"loc":{"start":{"line":5,"column":51},"end":{"line":10,"column":1}},"line":5},"1":{"name":"(anonymous_1)","decl":{"start":{"line":21,"column":2},"end":{"line":21,"column":3}},"loc":{"start":{"line":21,"column":62},"end":{"line":27,"column":3}},"line":21}},"branchMap":{},"s":{"0":1,"1":2,"2":0,"3":0,"4":0,"5":0,"6":0,"7":0},"f":{"0":2,"1":0},"b":{},"_coverageSchema":"1a1c01bbd47fc00a2c39e90264f33305004495a9","hash":"3ad09844a2ce0a98e93b4d06f3206791481fb89b"}
,"/home/thiagobutignon/dev/free-the-freela/src/data/protocols/http-client.ts": {"path":"/home/thiagobutignon/dev/free-the-freela/src/data/protocols/http-client.ts","statementMap":{},"fnMap":{},"branchMap":{},"s":{},"f":{},"b":{},"_coverageSchema":"1a1c01bbd47fc00a2c39e90264f33305004495a9","hash":"c99b29e75e74adf3e689ffe1e93e78ba960035aa"}
,"/home/thiagobutignon/dev/free-the-freela/src/data/protocols/index.ts": {"path":"/home/thiagobutignon/dev/free-the-freela/src/data/protocols/index.ts","statementMap":{},"fnMap":{},"branchMap":{},"s":{},"f":{},"b":{},"_coverageSchema":"1a1c01bbd47fc00a2c39e90264f33305004495a9","hash":"6407fb28f3c046d894220480a6dfe7d0800dde32"}
,"/home/thiagobutignon/dev/free-the-freela/src/data/usecases/index.ts": {"path":"/home/thiagobutignon/dev/free-the-freela/src/data/usecases/index.ts","statementMap":{},"fnMap":{},"branchMap":{},"s":{},"f":{},"b":{}}
,"/home/thiagobutignon/dev/free-the-freela/src/data/usecases/mock-get-bank-account.ts": {"path":"/home/thiagobutignon/dev/free-the-freela/src/data/usecases/mock-get-bank-account.ts","statementMap":{"0":{"start":{"line":6,"column":4},"end":{"line":6,"column":77}},"1":{"start":{"line":6,"column":35},"end":{"line":6,"column":76}},"2":{"start":{"line":7,"column":24},"end":{"line":7,"column":28}},"3":{"start":{"line":8,"column":4},"end":{"line":12,"column":5}},"4":{"start":{"line":9,"column":6},"end":{"line":9,"column":29}},"5":{"start":{"line":11,"column":6},"end":{"line":11,"column":73}}},"fnMap":{"0":{"name":"(anonymous_0)","decl":{"start":{"line":5,"column":2},"end":{"line":5,"column":3}},"loc":{"start":{"line":5,"column":53},"end":{"line":13,"column":3}},"line":5},"1":{"name":"(anonymous_1)","decl":{"start":{"line":6,"column":22},"end":{"line":6,"column":23}},"loc":{"start":{"line":6,"column":35},"end":{"line":6,"column":76}},"line":6}},"branchMap":{"0":{"loc":{"start":{"line":8,"column":4},"end":{"line":12,"column":5}},"type":"if","locations":[{"start":{"line":8,"column":4},"end":{"line":12,"column":5}},{"start":{"line":10,"column":11},"end":{"line":12,"column":5}}],"line":8}},"s":{"0":1,"1":1,"2":1,"3":1,"4":1,"5":0},"f":{"0":1,"1":1},"b":{"0":[1,0]},"_coverageSchema":"1a1c01bbd47fc00a2c39e90264f33305004495a9","hash":"6396df80dcef0b34e641a9d707245f916712cd20"}
,"/home/thiagobutignon/dev/free-the-freela/src/domain/mocks/bank-account-mock.ts": {"path":"/home/thiagobutignon/dev/free-the-freela/src/domain/mocks/bank-account-mock.ts","statementMap":{"0":{"start":{"line":8,"column":4},"end":{"line":16,"column":5}},"1":{"start":{"line":20,"column":20},"end":{"line":20,"column":64}},"2":{"start":{"line":21,"column":41},"end":{"line":24,"column":5}},"3":{"start":{"line":26,"column":4},"end":{"line":30,"column":5}},"4":{"start":{"line":27,"column":6},"end":{"line":27,"column":79}},"5":{"start":{"line":28,"column":6},"end":{"line":28,"column":86}},"6":{"start":{"line":29,"column":6},"end":{"line":29,"column":66}},"7":{"start":{"line":32,"column":4},"end":{"line":32,"column":18}},"8":{"start":{"line":36,"column":4},"end":{"line":41,"column":7}},"9":{"start":{"line":36,"column":80},"end":{"line":41,"column":5}},"10":{"start":{"line":45,"column":57},"end":{"line":50,"column":1}}},"fnMap":{"0":{"name":"(anonymous_0)","decl":{"start":{"line":7,"column":2},"end":{"line":7,"column":3}},"loc":{"start":{"line":7,"column":75},"end":{"line":17,"column":3}},"line":7},"1":{"name":"(anonymous_1)","decl":{"start":{"line":19,"column":2},"end":{"line":19,"column":3}},"loc":{"start":{"line":19,"column":91},"end":{"line":33,"column":3}},"line":19},"2":{"name":"(anonymous_2)","decl":{"start":{"line":35,"column":2},"end":{"line":35,"column":3}},"loc":{"start":{"line":35,"column":66},"end":{"line":42,"column":3}},"line":35},"3":{"name":"(anonymous_3)","decl":{"start":{"line":36,"column":73},"end":{"line":36,"column":74}},"loc":{"start":{"line":36,"column":80},"end":{"line":41,"column":5}},"line":36}},"branchMap":{"0":{"loc":{"start":{"line":13,"column":20},"end":{"line":13,"column":126}},"type":"cond-expr","locations":[{"start":{"line":13,"column":74},"end":{"line":13,"column":114}},{"start":{"line":13,"column":117},"end":{"line":13,"column":126}}],"line":13},"1":{"loc":{"start":{"line":13,"column":20},"end":{"line":13,"column":71}},"type":"binary-expr","locations":[{"start":{"line":13,"column":20},"end":{"line":13,"column":45}},{"start":{"line":13,"column":49},"end":{"line":13,"column":71}}],"line":13},"2":{"loc":{"start":{"line":14,"column":19},"end":{"line":14,"column":105}},"type":"cond-expr","locations":[{"start":{"line":14,"column":50},"end":{"line":14,"column":93}},{"start":{"line":14,"column":96},"end":{"line":14,"column":105}}],"line":14},"3":{"loc":{"start":{"line":15,"column":16},"end":{"line":15,"column":101}},"type":"cond-expr","locations":[{"start":{"line":15,"column":41},"end":{"line":15,"column":89}},{"start":{"line":15,"column":92},"end":{"line":15,"column":101}}],"line":15},"4":{"loc":{"start":{"line":26,"column":4},"end":{"line":30,"column":5}},"type":"if","locations":[{"start":{"line":26,"column":4},"end":{"line":30,"column":5}},{"start":{},"end":{}}],"line":26}},"s":{"0":4,"1":4,"2":4,"3":4,"4":1,"5":1,"6":1,"7":4,"8":4,"9":19,"10":1},"f":{"0":4,"1":4,"2":4,"3":19},"b":{"0":[2,2],"1":[4,3],"2":[1,3],"3":[1,3],"4":[1,3]},"_coverageSchema":"1a1c01bbd47fc00a2c39e90264f33305004495a9","hash":"0430b326180a73f36388ea91fa09df71bc89014b"}
,"/home/thiagobutignon/dev/free-the-freela/src/domain/mocks/index.ts": {"path":"/home/thiagobutignon/dev/free-the-freela/src/domain/mocks/index.ts","statementMap":{},"fnMap":{},"branchMap":{},"s":{},"f":{},"b":{},"_coverageSchema":"1a1c01bbd47fc00a2c39e90264f33305004495a9","hash":"053d25aa909ec7fa3ba01c023ebbb30b59abd7d2"}
,"/home/thiagobutignon/dev/free-the-freela/src/domain/models/bank-account.ts": {"path":"/home/thiagobutignon/dev/free-the-freela/src/domain/models/bank-account.ts","statementMap":{},"fnMap":{},"branchMap":{},"s":{},"f":{},"b":{}}
,"/home/thiagobutignon/dev/free-the-freela/src/domain/models/index.ts": {"path":"/home/thiagobutignon/dev/free-the-freela/src/domain/models/index.ts","statementMap":{},"fnMap":{},"branchMap":{},"s":{},"f":{},"b":{}}
,"/home/thiagobutignon/dev/free-the-freela/src/infra/http/axios-http-client.ts": {"path":"/home/thiagobutignon/dev/free-the-freela/src/infra/http/axios-http-client.ts","statementMap":{"0":{"start":{"line":7,"column":4},"end":{"line":16,"column":5}},"1":{"start":{"line":8,"column":6},"end":{"line":13,"column":8}},"2":{"start":{"line":15,"column":6},"end":{"line":15,"column":24}},"3":{"start":{"line":17,"column":4},"end":{"line":20,"column":5}}},"fnMap":{"0":{"name":"(anonymous_0)","decl":{"start":{"line":5,"column":2},"end":{"line":5,"column":3}},"loc":{"start":{"line":5,"column":59},"end":{"line":21,"column":3}},"line":5}},"branchMap":{},"s":{"0":2,"1":2,"2":0,"3":2},"f":{"0":2},"b":{},"_coverageSchema":"1a1c01bbd47fc00a2c39e90264f33305004495a9","hash":"75efece60f6b42a8a0ef4c6a873e410ab44b33be"}
,"/home/thiagobutignon/dev/free-the-freela/src/infra/http/index.ts": {"path":"/home/thiagobutignon/dev/free-the-freela/src/infra/http/index.ts","statementMap":{},"fnMap":{},"branchMap":{},"s":{},"f":{},"b":{}}
,"/home/thiagobutignon/dev/free-the-freela/src/infra/mocks/index.ts": {"path":"/home/thiagobutignon/dev/free-the-freela/src/infra/mocks/index.ts","statementMap":{},"fnMap":{},"branchMap":{},"s":{},"f":{},"b":{},"_coverageSchema":"1a1c01bbd47fc00a2c39e90264f33305004495a9","hash":"2031388d359e29c375c1ef377361655070d4026f"}
,"/home/thiagobutignon/dev/free-the-freela/src/infra/mocks/mocks-axios.ts": {"path":"/home/thiagobutignon/dev/free-the-freela/src/infra/mocks/mocks-axios.ts","statementMap":{"0":{"start":{"line":4,"column":32},"end":{"line":7,"column":2}},"1":{"start":{"line":4,"column":44},"end":{"line":7,"column":1}},"2":{"start":{"line":9,"column":25},"end":{"line":13,"column":1}},"3":{"start":{"line":10,"column":22},"end":{"line":10,"column":56}},"4":{"start":{"line":11,"column":2},"end":{"line":11,"column":71}},"5":{"start":{"line":12,"column":2},"end":{"line":12,"column":20}}},"fnMap":{"0":{"name":"(anonymous_0)","decl":{"start":{"line":4,"column":32},"end":{"line":4,"column":33}},"loc":{"start":{"line":4,"column":44},"end":{"line":7,"column":1}},"line":4},"1":{"name":"(anonymous_1)","decl":{"start":{"line":9,"column":25},"end":{"line":9,"column":26}},"loc":{"start":{"line":9,"column":58},"end":{"line":13,"column":1}},"line":9}},"branchMap":{},"s":{"0":1,"1":2,"2":1,"3":2,"4":2,"5":2},"f":{"0":2,"1":2},"b":{},"_coverageSchema":"1a1c01bbd47fc00a2c39e90264f33305004495a9","hash":"1010b98856151d2a917508c315abcbc30601ef22"}
,"/home/thiagobutignon/dev/free-the-freela/src/main/factories/index.ts": {"path":"/home/thiagobutignon/dev/free-the-freela/src/main/factories/index.ts","statementMap":{},"fnMap":{},"branchMap":{},"s":{},"f":{},"b":{}}
,"/home/thiagobutignon/dev/free-the-freela/src/main/factories/make-get-bank-account.ts": {"path":"/home/thiagobutignon/dev/free-the-freela/src/main/factories/make-get-bank-account.ts","statementMap":{"0":{"start":{"line":4,"column":34},"end":{"line":6,"column":1}},"1":{"start":{"line":5,"column":2},"end":{"line":5,"column":33}}},"fnMap":{"0":{"name":"(anonymous_0)","decl":{"start":{"line":4,"column":34},"end":{"line":4,"column":35}},"loc":{"start":{"line":4,"column":56},"end":{"line":6,"column":1}},"line":4}},"branchMap":{},"s":{"0":0,"1":0},"f":{"0":0},"b":{}}
,"/home/thiagobutignon/dev/free-the-freela/src/presentation/components/account-list.tsx": {"path":"/home/thiagobutignon/dev/free-the-freela/src/presentation/components/account-list.tsx","statementMap":{"0":{"start":{"line":10,"column":48},"end":{"line":26,"column":1}},"1":{"start":{"line":11,"column":2},"end":{"line":25,"column":4}},"2":{"start":{"line":15,"column":10},"end":{"line":21,"column":21}}},"fnMap":{"0":{"name":"(anonymous_0)","decl":{"start":{"line":10,"column":48},"end":{"line":10,"column":49}},"loc":{"start":{"line":10,"column":66},"end":{"line":26,"column":1}},"line":10},"1":{"name":"(anonymous_1)","decl":{"start":{"line":14,"column":22},"end":{"line":14,"column":23}},"loc":{"start":{"line":15,"column":10},"end":{"line":21,"column":21}},"line":15}},"branchMap":{},"s":{"0":1,"1":2,"2":2},"f":{"0":2,"1":2},"b":{},"_coverageSchema":"1a1c01bbd47fc00a2c39e90264f33305004495a9","hash":"73d43729c1dfeb1b17b0ba78c99be739d8524788"}
,"/home/thiagobutignon/dev/free-the-freela/src/presentation/components/chart-box.tsx": {"path":"/home/thiagobutignon/dev/free-the-freela/src/presentation/components/chart-box.tsx","statementMap":{"0":{"start":{"line":12,"column":42},"end":{"line":22,"column":1}},"1":{"start":{"line":13,"column":2},"end":{"line":21,"column":4}}},"fnMap":{"0":{"name":"(anonymous_0)","decl":{"start":{"line":12,"column":42},"end":{"line":12,"column":43}},"loc":{"start":{"line":12,"column":73},"end":{"line":22,"column":1}},"line":12}},"branchMap":{},"s":{"0":0,"1":0},"f":{"0":0},"b":{}}
,"/home/thiagobutignon/dev/free-the-freela/src/presentation/components/index.ts": {"path":"/home/thiagobutignon/dev/free-the-freela/src/presentation/components/index.ts","statementMap":{},"fnMap":{},"branchMap":{},"s":{},"f":{},"b":{}}
,"/home/thiagobutignon/dev/free-the-freela/src/presentation/pages/home.tsx": {"path":"/home/thiagobutignon/dev/free-the-freela/src/presentation/pages/home.tsx","statementMap":{"0":{"start":{"line":13,"column":37},"end":{"line":135,"column":1}},"1":{"start":{"line":14,"column":28},"end":{"line":18,"column":4}},"2":{"start":{"line":19,"column":58},"end":{"line":19,"column":87}},"3":{"start":{"line":20,"column":42},"end":{"line":20,"column":66}},"4":{"start":{"line":21,"column":42},"end":{"line":21,"column":87}},"5":{"start":{"line":22,"column":64},"end":{"line":22,"column":86}},"6":{"start":{"line":24,"column":35},"end":{"line":39,"column":3}},"7":{"start":{"line":25,"column":4},"end":{"line":25,"column":51}},"8":{"start":{"line":26,"column":24},"end":{"line":26,"column":58}},"9":{"start":{"line":27,"column":28},"end":{"line":27,"column":95}},"10":{"start":{"line":27,"column":59},"end":{"line":27,"column":94}},"11":{"start":{"line":29,"column":4},"end":{"line":38,"column":5}},"12":{"start":{"line":30,"column":30},"end":{"line":33,"column":12}},"13":{"start":{"line":31,"column":8},"end":{"line":31,"column":82}},"14":{"start":{"line":32,"column":8},"end":{"line":32,"column":19}},"15":{"start":{"line":34,"column":27},"end":{"line":34,"column":99}},"16":{"start":{"line":34,"column":75},"end":{"line":34,"column":98}},"17":{"start":{"line":35,"column":6},"end":{"line":35,"column":47}},"18":{"start":{"line":36,"column":6},"end":{"line":36,"column":105}},"19":{"start":{"line":36,"column":79},"end":{"line":36,"column":101}},"20":{"start":{"line":37,"column":6},"end":{"line":37,"column":28}},"21":{"start":{"line":41,"column":27},"end":{"line":41,"column":93}},"22":{"start":{"line":41,"column":43},"end":{"line":41,"column":93}},"23":{"start":{"line":41,"column":73},"end":{"line":41,"column":92}},"24":{"start":{"line":43,"column":28},"end":{"line":50,"column":3}},"25":{"start":{"line":44,"column":47},"end":{"line":44,"column":49}},"26":{"start":{"line":45,"column":4},"end":{"line":48,"column":7}},"27":{"start":{"line":46,"column":39},"end":{"line":46,"column":46}},"28":{"start":{"line":47,"column":6},"end":{"line":47,"column":81}},"29":{"start":{"line":49,"column":4},"end":{"line":49,"column":37}},"30":{"start":{"line":52,"column":25},"end":{"line":54,"column":3}},"31":{"start":{"line":53,"column":4},"end":{"line":53,"column":134}},"32":{"start":{"line":53,"column":112},"end":{"line":53,"column":128}},"33":{"start":{"line":56,"column":34},"end":{"line":64,"column":3}},"34":{"start":{"line":66,"column":34},"end":{"line":99,"column":3}},"35":{"start":{"line":94,"column":8},"end":{"line":96,"column":24}},"36":{"start":{"line":101,"column":22},"end":{"line":101,"column":40}},"37":{"start":{"line":102,"column":22},"end":{"line":102,"column":41}},"38":{"start":{"line":104,"column":2},"end":{"line":114,"column":22}},"39":{"start":{"line":105,"column":4},"end":{"line":105,"column":50}},"40":{"start":{"line":105,"column":21},"end":{"line":105,"column":48}},"41":{"start":{"line":106,"column":4},"end":{"line":113,"column":8}},"42":{"start":{"line":108,"column":8},"end":{"line":108,"column":66}},"43":{"start":{"line":108,"column":25},"end":{"line":108,"column":63}},"44":{"start":{"line":111,"column":8},"end":{"line":111,"column":26}},"45":{"start":{"line":112,"column":8},"end":{"line":112,"column":69}},"46":{"start":{"line":112,"column":25},"end":{"line":112,"column":67}},"47":{"start":{"line":116,"column":2},"end":{"line":134,"column":3}}},"fnMap":{"0":{"name":"(anonymous_0)","decl":{"start":{"line":13,"column":37},"end":{"line":13,"column":38}},"loc":{"start":{"line":13,"column":61},"end":{"line":135,"column":1}},"line":13},"1":{"name":"(anonymous_1)","decl":{"start":{"line":24,"column":35},"end":{"line":24,"column":36}},"loc":{"start":{"line":24,"column":89},"end":{"line":39,"column":3}},"line":24},"2":{"name":"(anonymous_2)","decl":{"start":{"line":27,"column":48},"end":{"line":27,"column":49}},"loc":{"start":{"line":27,"column":59},"end":{"line":27,"column":94}},"line":27},"3":{"name":"(anonymous_3)","decl":{"start":{"line":30,"column":90},"end":{"line":30,"column":91}},"loc":{"start":{"line":30,"column":112},"end":{"line":33,"column":7}},"line":30},"4":{"name":"(anonymous_4)","decl":{"start":{"line":34,"column":60},"end":{"line":34,"column":61}},"loc":{"start":{"line":34,"column":75},"end":{"line":34,"column":98}},"line":34},"5":{"name":"(anonymous_5)","decl":{"start":{"line":36,"column":58},"end":{"line":36,"column":59}},"loc":{"start":{"line":36,"column":79},"end":{"line":36,"column":101}},"line":36},"6":{"name":"(anonymous_6)","decl":{"start":{"line":41,"column":27},"end":{"line":41,"column":28}},"loc":{"start":{"line":41,"column":43},"end":{"line":41,"column":93}},"line":41},"7":{"name":"(anonymous_7)","decl":{"start":{"line":41,"column":62},"end":{"line":41,"column":63}},"loc":{"start":{"line":41,"column":73},"end":{"line":41,"column":92}},"line":41},"8":{"name":"(anonymous_8)","decl":{"start":{"line":43,"column":28},"end":{"line":43,"column":29}},"loc":{"start":{"line":43,"column":44},"end":{"line":50,"column":3}},"line":43},"9":{"name":"(anonymous_9)","decl":{"start":{"line":45,"column":27},"end":{"line":45,"column":28}},"loc":{"start":{"line":45,"column":38},"end":{"line":48,"column":5}},"line":45},"10":{"name":"(anonymous_10)","decl":{"start":{"line":52,"column":25},"end":{"line":52,"column":26}},"loc":{"start":{"line":52,"column":53},"end":{"line":54,"column":3}},"line":52},"11":{"name":"(anonymous_11)","decl":{"start":{"line":53,"column":97},"end":{"line":53,"column":98}},"loc":{"start":{"line":53,"column":112},"end":{"line":53,"column":128}},"line":53},"12":{"name":"(anonymous_12)","decl":{"start":{"line":93,"column":14},"end":{"line":93,"column":15}},"loc":{"start":{"line":93,"column":68},"end":{"line":97,"column":7}},"line":93},"13":{"name":"(anonymous_13)","decl":{"start":{"line":104,"column":12},"end":{"line":104,"column":13}},"loc":{"start":{"line":104,"column":18},"end":{"line":114,"column":3}},"line":104},"14":{"name":"(anonymous_14)","decl":{"start":{"line":105,"column":13},"end":{"line":105,"column":14}},"loc":{"start":{"line":105,"column":21},"end":{"line":105,"column":48}},"line":105},"15":{"name":"(anonymous_15)","decl":{"start":{"line":107,"column":12},"end":{"line":107,"column":13}},"loc":{"start":{"line":107,"column":24},"end":{"line":109,"column":7}},"line":107},"16":{"name":"(anonymous_16)","decl":{"start":{"line":108,"column":17},"end":{"line":108,"column":18}},"loc":{"start":{"line":108,"column":25},"end":{"line":108,"column":63}},"line":108},"17":{"name":"(anonymous_17)","decl":{"start":{"line":110,"column":13},"end":{"line":110,"column":14}},"loc":{"start":{"line":110,"column":22},"end":{"line":113,"column":7}},"line":110},"18":{"name":"(anonymous_18)","decl":{"start":{"line":112,"column":17},"end":{"line":112,"column":18}},"loc":{"start":{"line":112,"column":25},"end":{"line":112,"column":67}},"line":112}},"branchMap":{"0":{"loc":{"start":{"line":29,"column":4},"end":{"line":38,"column":5}},"type":"if","locations":[{"start":{"line":29,"column":4},"end":{"line":38,"column":5}},{"start":{},"end":{}}],"line":29},"1":{"loc":{"start":{"line":31,"column":33},"end":{"line":31,"column":59}},"type":"binary-expr","locations":[{"start":{"line":31,"column":33},"end":{"line":31,"column":54}},{"start":{"line":31,"column":58},"end":{"line":31,"column":59}}],"line":31},"2":{"loc":{"start":{"line":47,"column":33},"end":{"line":47,"column":61}},"type":"binary-expr","locations":[{"start":{"line":47,"column":33},"end":{"line":47,"column":56}},{"start":{"line":47,"column":60},"end":{"line":47,"column":61}}],"line":47},"3":{"loc":{"start":{"line":53,"column":11},"end":{"line":53,"column":134}},"type":"cond-expr","locations":[{"start":{"line":53,"column":42},"end":{"line":53,"column":129}},{"start":{"line":53,"column":132},"end":{"line":53,"column":134}}],"line":53},"4":{"loc":{"start":{"line":124,"column":7},"end":{"line":130,"column":7}},"type":"binary-expr","locations":[{"start":{"line":124,"column":7},"end":{"line":124,"column":19}},{"start":{"line":125,"column":8},"end":{"line":129,"column":10}}],"line":124}},"s":{"0":0,"1":0,"2":0,"3":0,"4":0,"5":0,"6":0,"7":0,"8":0,"9":0,"10":0,"11":0,"12":0,"13":0,"14":0,"15":0,"16":0,"17":0,"18":0,"19":0,"20":0,"21":0,"22":0,"23":0,"24":0,"25":0,"26":0,"27":0,"28":0,"29":0,"30":0,"31":0,"32":0,"33":0,"34":0,"35":0,"36":0,"37":0,"38":0,"39":0,"40":0,"41":0,"42":0,"43":0,"44":0,"45":0,"46":0,"47":0},"f":{"0":0,"1":0,"2":0,"3":0,"4":0,"5":0,"6":0,"7":0,"8":0,"9":0,"10":0,"11":0,"12":0,"13":0,"14":0,"15":0,"16":0,"17":0,"18":0},"b":{"0":[0,0],"1":[0,0],"2":[0,0],"3":[0,0],"4":[0,0]}}
,"/home/thiagobutignon/dev/free-the-freela/src/presentation/pages/index.ts": {"path":"/home/thiagobutignon/dev/free-the-freela/src/presentation/pages/index.ts","statementMap":{},"fnMap":{},"branchMap":{},"s":{},"f":{},"b":{}}
}
