{"/home/thiagobutignon/dev/free-the-freela/src/index.tsx": {"path":"/home/thiagobutignon/dev/free-the-freela/src/index.tsx","statementMap":{"0":{"start":{"line":10,"column":13},"end":{"line":12,"column":1}},"1":{"start":{"line":14,"column":0},"end":{"line":20,"column":1}},"2":{"start":{"line":25,"column":0},"end":{"line":25,"column":17}}},"fnMap":{},"branchMap":{},"s":{"0":0,"1":0,"2":0},"f":{},"b":{}}
,"/home/thiagobutignon/dev/free-the-freela/src/data/mocks/index.ts": {"path":"/home/thiagobutignon/dev/free-the-freela/src/data/mocks/index.ts","statementMap":{},"fnMap":{},"branchMap":{},"s":{},"f":{},"b":{},"_coverageSchema":"1a1c01bbd47fc00a2c39e90264f33305004495a9","hash":"9872d4a8d71e2567143a5f05d12ef65c2ab7e8c0"}
,"/home/thiagobutignon/dev/free-the-freela/src/data/mocks/mock-http.ts": {"path":"/home/thiagobutignon/dev/free-the-freela/src/data/mocks/mock-http.ts","statementMap":{"0":{"start":{"line":5,"column":31},"end":{"line":10,"column":2}},"1":{"start":{"line":5,"column":51},"end":{"line":10,"column":1}},"2":{"start":{"line":17,"column":30},"end":{"line":19,"column":3}},"3":{"start":{"line":22,"column":4},"end":{"line":22,"column":23}},"4":{"start":{"line":23,"column":4},"end":{"line":23,"column":29}},"5":{"start":{"line":24,"column":4},"end":{"line":24,"column":25}},"6":{"start":{"line":25,"column":4},"end":{"line":25,"column":31}},"7":{"start":{"line":26,"column":4},"end":{"line":26,"column":24}}},"fnMap":{"0":{"name":"(anonymous_0)","decl":{"start":{"line":5,"column":31},"end":{"line":5,"column":32}},"loc":{"start":{"line":5,"column":51},"end":{"line":10,"column":1}},"line":5},"1":{"name":"(anonymous_1)","decl":{"start":{"line":21,"column":2},"end":{"line":21,"column":3}},"loc":{"start":{"line":21,"column":62},"end":{"line":27,"column":3}},"line":21}},"branchMap":{},"s":{"0":1,"1":2,"2":0,"3":0,"4":0,"5":0,"6":0,"7":0},"f":{"0":2,"1":0},"b":{},"_coverageSchema":"1a1c01bbd47fc00a2c39e90264f33305004495a9","hash":"3ad09844a2ce0a98e93b4d06f3206791481fb89b"}
,"/home/thiagobutignon/dev/free-the-freela/src/data/usecases/index.ts": {"path":"/home/thiagobutignon/dev/free-the-freela/src/data/usecases/index.ts","statementMap":{},"fnMap":{},"branchMap":{},"s":{},"f":{},"b":{}}
,"/home/thiagobutignon/dev/free-the-freela/src/data/usecases/mock-get-bank-account.ts": {"path":"/home/thiagobutignon/dev/free-the-freela/src/data/usecases/mock-get-bank-account.ts","statementMap":{"0":{"start":{"line":6,"column":4},"end":{"line":6,"column":77}},"1":{"start":{"line":6,"column":35},"end":{"line":6,"column":76}},"2":{"start":{"line":7,"column":24},"end":{"line":7,"column":28}},"3":{"start":{"line":8,"column":4},"end":{"line":12,"column":5}},"4":{"start":{"line":9,"column":6},"end":{"line":9,"column":29}},"5":{"start":{"line":11,"column":6},"end":{"line":11,"column":73}}},"fnMap":{"0":{"name":"(anonymous_0)","decl":{"start":{"line":5,"column":2},"end":{"line":5,"column":3}},"loc":{"start":{"line":5,"column":53},"end":{"line":13,"column":3}},"line":5},"1":{"name":"(anonymous_1)","decl":{"start":{"line":6,"column":22},"end":{"line":6,"column":23}},"loc":{"start":{"line":6,"column":35},"end":{"line":6,"column":76}},"line":6}},"branchMap":{"0":{"loc":{"start":{"line":8,"column":4},"end":{"line":12,"column":5}},"type":"if","locations":[{"start":{"line":8,"column":4},"end":{"line":12,"column":5}},{"start":{"line":10,"column":11},"end":{"line":12,"column":5}}],"line":8}},"s":{"0":1,"1":1,"2":1,"3":1,"4":1,"5":0},"f":{"0":1,"1":1},"b":{"0":[1,0]},"_coverageSchema":"1a1c01bbd47fc00a2c39e90264f33305004495a9","hash":"6396df80dcef0b34e641a9d707245f916712cd20"}
,"/home/thiagobutignon/dev/free-the-freela/src/domain/mocks/bank-account-mock.ts": {"path":"/home/thiagobutignon/dev/free-the-freela/src/domain/mocks/bank-account-mock.ts","statementMap":{"0":{"start":{"line":8,"column":4},"end":{"line":16,"column":5}},"1":{"start":{"line":20,"column":20},"end":{"line":20,"column":64}},"2":{"start":{"line":21,"column":41},"end":{"line":24,"column":5}},"3":{"start":{"line":26,"column":4},"end":{"line":30,"column":5}},"4":{"start":{"line":27,"column":6},"end":{"line":27,"column":79}},"5":{"start":{"line":28,"column":6},"end":{"line":28,"column":86}},"6":{"start":{"line":29,"column":6},"end":{"line":29,"column":66}},"7":{"start":{"line":32,"column":4},"end":{"line":32,"column":18}},"8":{"start":{"line":36,"column":4},"end":{"line":41,"column":7}},"9":{"start":{"line":36,"column":80},"end":{"line":41,"column":5}},"10":{"start":{"line":45,"column":57},"end":{"line":50,"column":1}}},"fnMap":{"0":{"name":"(anonymous_0)","decl":{"start":{"line":7,"column":2},"end":{"line":7,"column":3}},"loc":{"start":{"line":7,"column":75},"end":{"line":17,"column":3}},"line":7},"1":{"name":"(anonymous_1)","decl":{"start":{"line":19,"column":2},"end":{"line":19,"column":3}},"loc":{"start":{"line":19,"column":91},"end":{"line":33,"column":3}},"line":19},"2":{"name":"(anonymous_2)","decl":{"start":{"line":35,"column":2},"end":{"line":35,"column":3}},"loc":{"start":{"line":35,"column":66},"end":{"line":42,"column":3}},"line":35},"3":{"name":"(anonymous_3)","decl":{"start":{"line":36,"column":73},"end":{"line":36,"column":74}},"loc":{"start":{"line":36,"column":80},"end":{"line":41,"column":5}},"line":36}},"branchMap":{"0":{"loc":{"start":{"line":13,"column":20},"end":{"line":13,"column":126}},"type":"cond-expr","locations":[{"start":{"line":13,"column":74},"end":{"line":13,"column":114}},{"start":{"line":13,"column":117},"end":{"line":13,"column":126}}],"line":13},"1":{"loc":{"start":{"line":13,"column":20},"end":{"line":13,"column":71}},"type":"binary-expr","locations":[{"start":{"line":13,"column":20},"end":{"line":13,"column":45}},{"start":{"line":13,"column":49},"end":{"line":13,"column":71}}],"line":13},"2":{"loc":{"start":{"line":14,"column":19},"end":{"line":14,"column":105}},"type":"cond-expr","locations":[{"start":{"line":14,"column":50},"end":{"line":14,"column":93}},{"start":{"line":14,"column":96},"end":{"line":14,"column":105}}],"line":14},"3":{"loc":{"start":{"line":15,"column":16},"end":{"line":15,"column":101}},"type":"cond-expr","locations":[{"start":{"line":15,"column":41},"end":{"line":15,"column":89}},{"start":{"line":15,"column":92},"end":{"line":15,"column":101}}],"line":15},"4":{"loc":{"start":{"line":26,"column":4},"end":{"line":30,"column":5}},"type":"if","locations":[{"start":{"line":26,"column":4},"end":{"line":30,"column":5}},{"start":{},"end":{}}],"line":26}},"s":{"0":8,"1":8,"2":8,"3":8,"4":2,"5":2,"6":2,"7":8,"8":8,"9":46,"10":2},"f":{"0":8,"1":8,"2":8,"3":46},"b":{"0":[4,4],"1":[8,6],"2":[2,6],"3":[2,6],"4":[2,6]},"_coverageSchema":"1a1c01bbd47fc00a2c39e90264f33305004495a9","hash":"0430b326180a73f36388ea91fa09df71bc89014b"}
,"/home/thiagobutignon/dev/free-the-freela/src/domain/mocks/index.ts": {"path":"/home/thiagobutignon/dev/free-the-freela/src/domain/mocks/index.ts","statementMap":{},"fnMap":{},"branchMap":{},"s":{},"f":{},"b":{},"_coverageSchema":"1a1c01bbd47fc00a2c39e90264f33305004495a9","hash":"053d25aa909ec7fa3ba01c023ebbb30b59abd7d2"}
,"/home/thiagobutignon/dev/free-the-freela/src/infra/http/axios-http-client.ts": {"path":"/home/thiagobutignon/dev/free-the-freela/src/infra/http/axios-http-client.ts","statementMap":{"0":{"start":{"line":7,"column":4},"end":{"line":16,"column":5}},"1":{"start":{"line":8,"column":6},"end":{"line":13,"column":8}},"2":{"start":{"line":15,"column":6},"end":{"line":15,"column":24}},"3":{"start":{"line":17,"column":4},"end":{"line":20,"column":5}}},"fnMap":{"0":{"name":"(anonymous_0)","decl":{"start":{"line":5,"column":2},"end":{"line":5,"column":3}},"loc":{"start":{"line":5,"column":59},"end":{"line":21,"column":3}},"line":5}},"branchMap":{},"s":{"0":2,"1":2,"2":0,"3":2},"f":{"0":2},"b":{},"_coverageSchema":"1a1c01bbd47fc00a2c39e90264f33305004495a9","hash":"75efece60f6b42a8a0ef4c6a873e410ab44b33be"}
,"/home/thiagobutignon/dev/free-the-freela/src/infra/http/index.ts": {"path":"/home/thiagobutignon/dev/free-the-freela/src/infra/http/index.ts","statementMap":{},"fnMap":{},"branchMap":{},"s":{},"f":{},"b":{}}
,"/home/thiagobutignon/dev/free-the-freela/src/infra/mocks/index.ts": {"path":"/home/thiagobutignon/dev/free-the-freela/src/infra/mocks/index.ts","statementMap":{},"fnMap":{},"branchMap":{},"s":{},"f":{},"b":{},"_coverageSchema":"1a1c01bbd47fc00a2c39e90264f33305004495a9","hash":"2031388d359e29c375c1ef377361655070d4026f"}
,"/home/thiagobutignon/dev/free-the-freela/src/infra/mocks/mocks-axios.ts": {"path":"/home/thiagobutignon/dev/free-the-freela/src/infra/mocks/mocks-axios.ts","statementMap":{"0":{"start":{"line":4,"column":32},"end":{"line":7,"column":2}},"1":{"start":{"line":4,"column":44},"end":{"line":7,"column":1}},"2":{"start":{"line":9,"column":25},"end":{"line":13,"column":1}},"3":{"start":{"line":10,"column":22},"end":{"line":10,"column":56}},"4":{"start":{"line":11,"column":2},"end":{"line":11,"column":71}},"5":{"start":{"line":12,"column":2},"end":{"line":12,"column":20}}},"fnMap":{"0":{"name":"(anonymous_0)","decl":{"start":{"line":4,"column":32},"end":{"line":4,"column":33}},"loc":{"start":{"line":4,"column":44},"end":{"line":7,"column":1}},"line":4},"1":{"name":"(anonymous_1)","decl":{"start":{"line":9,"column":25},"end":{"line":9,"column":26}},"loc":{"start":{"line":9,"column":58},"end":{"line":13,"column":1}},"line":9}},"branchMap":{},"s":{"0":1,"1":2,"2":1,"3":2,"4":2,"5":2},"f":{"0":2,"1":2},"b":{},"_coverageSchema":"1a1c01bbd47fc00a2c39e90264f33305004495a9","hash":"1010b98856151d2a917508c315abcbc30601ef22"}
,"/home/thiagobutignon/dev/free-the-freela/src/presentation/components/account-list.tsx": {"path":"/home/thiagobutignon/dev/free-the-freela/src/presentation/components/account-list.tsx","statementMap":{"0":{"start":{"line":10,"column":48},"end":{"line":26,"column":1}},"1":{"start":{"line":11,"column":2},"end":{"line":25,"column":4}},"2":{"start":{"line":15,"column":10},"end":{"line":21,"column":21}}},"fnMap":{"0":{"name":"(anonymous_0)","decl":{"start":{"line":10,"column":48},"end":{"line":10,"column":49}},"loc":{"start":{"line":10,"column":66},"end":{"line":26,"column":1}},"line":10},"1":{"name":"(anonymous_1)","decl":{"start":{"line":14,"column":22},"end":{"line":14,"column":23}},"loc":{"start":{"line":15,"column":10},"end":{"line":21,"column":21}},"line":15}},"branchMap":{},"s":{"0":1,"1":2,"2":2},"f":{"0":2,"1":2},"b":{},"_coverageSchema":"1a1c01bbd47fc00a2c39e90264f33305004495a9","hash":"73d43729c1dfeb1b17b0ba78c99be739d8524788"}
,"/home/thiagobutignon/dev/free-the-freela/src/presentation/components/chart-box.tsx": {"path":"/home/thiagobutignon/dev/free-the-freela/src/presentation/components/chart-box.tsx","statementMap":{"0":{"start":{"line":12,"column":42},"end":{"line":22,"column":1}},"1":{"start":{"line":13,"column":2},"end":{"line":21,"column":4}}},"fnMap":{"0":{"name":"(anonymous_0)","decl":{"start":{"line":12,"column":42},"end":{"line":12,"column":43}},"loc":{"start":{"line":12,"column":73},"end":{"line":22,"column":1}},"line":12}},"branchMap":{},"s":{"0":0,"1":0},"f":{"0":0},"b":{}}
,"/home/thiagobutignon/dev/free-the-freela/src/presentation/components/index.ts": {"path":"/home/thiagobutignon/dev/free-the-freela/src/presentation/components/index.ts","statementMap":{},"fnMap":{},"branchMap":{},"s":{},"f":{},"b":{}}
,"/home/thiagobutignon/dev/free-the-freela/src/presentation/hooks/use-bank-account.ts": {"path":"/home/thiagobutignon/dev/free-the-freela/src/presentation/hooks/use-bank-account.ts","statementMap":{"0":{"start":{"line":5,"column":23},"end":{"line":74,"column":1}},"1":{"start":{"line":6,"column":28},"end":{"line":10,"column":4}},"2":{"start":{"line":11,"column":58},"end":{"line":11,"column":87}},"3":{"start":{"line":12,"column":42},"end":{"line":12,"column":66}},"4":{"start":{"line":13,"column":42},"end":{"line":13,"column":87}},"5":{"start":{"line":14,"column":64},"end":{"line":14,"column":86}},"6":{"start":{"line":16,"column":2},"end":{"line":26,"column":23}},"7":{"start":{"line":17,"column":4},"end":{"line":17,"column":51}},"8":{"start":{"line":17,"column":21},"end":{"line":17,"column":48}},"9":{"start":{"line":18,"column":4},"end":{"line":25,"column":9}},"10":{"start":{"line":20,"column":8},"end":{"line":20,"column":66}},"11":{"start":{"line":20,"column":25},"end":{"line":20,"column":63}},"12":{"start":{"line":23,"column":8},"end":{"line":23,"column":27}},"13":{"start":{"line":24,"column":8},"end":{"line":24,"column":98}},"14":{"start":{"line":24,"column":25},"end":{"line":24,"column":95}},"15":{"start":{"line":28,"column":35},"end":{"line":43,"column":3}},"16":{"start":{"line":29,"column":4},"end":{"line":29,"column":51}},"17":{"start":{"line":30,"column":24},"end":{"line":30,"column":58}},"18":{"start":{"line":31,"column":28},"end":{"line":31,"column":95}},"19":{"start":{"line":31,"column":59},"end":{"line":31,"column":94}},"20":{"start":{"line":33,"column":4},"end":{"line":42,"column":5}},"21":{"start":{"line":34,"column":30},"end":{"line":37,"column":12}},"22":{"start":{"line":35,"column":8},"end":{"line":35,"column":82}},"23":{"start":{"line":36,"column":8},"end":{"line":36,"column":19}},"24":{"start":{"line":38,"column":27},"end":{"line":38,"column":99}},"25":{"start":{"line":38,"column":75},"end":{"line":38,"column":98}},"26":{"start":{"line":39,"column":6},"end":{"line":39,"column":47}},"27":{"start":{"line":40,"column":6},"end":{"line":40,"column":105}},"28":{"start":{"line":40,"column":79},"end":{"line":40,"column":101}},"29":{"start":{"line":41,"column":6},"end":{"line":41,"column":28}},"30":{"start":{"line":45,"column":27},"end":{"line":45,"column":93}},"31":{"start":{"line":45,"column":43},"end":{"line":45,"column":93}},"32":{"start":{"line":45,"column":73},"end":{"line":45,"column":92}},"33":{"start":{"line":47,"column":28},"end":{"line":54,"column":3}},"34":{"start":{"line":48,"column":47},"end":{"line":48,"column":49}},"35":{"start":{"line":49,"column":4},"end":{"line":52,"column":7}},"36":{"start":{"line":50,"column":39},"end":{"line":50,"column":46}},"37":{"start":{"line":51,"column":6},"end":{"line":51,"column":81}},"38":{"start":{"line":53,"column":4},"end":{"line":53,"column":37}},"39":{"start":{"line":56,"column":25},"end":{"line":58,"column":3}},"40":{"start":{"line":57,"column":4},"end":{"line":57,"column":134}},"41":{"start":{"line":57,"column":112},"end":{"line":57,"column":128}},"42":{"start":{"line":60,"column":22},"end":{"line":60,"column":40}},"43":{"start":{"line":62,"column":2},"end":{"line":73,"column":4}}},"fnMap":{"0":{"name":"(anonymous_0)","decl":{"start":{"line":5,"column":23},"end":{"line":5,"column":24}},"loc":{"start":{"line":5,"column":64},"end":{"line":74,"column":1}},"line":5},"1":{"name":"(anonymous_1)","decl":{"start":{"line":16,"column":12},"end":{"line":16,"column":13}},"loc":{"start":{"line":16,"column":18},"end":{"line":26,"column":3}},"line":16},"2":{"name":"(anonymous_2)","decl":{"start":{"line":17,"column":13},"end":{"line":17,"column":14}},"loc":{"start":{"line":17,"column":21},"end":{"line":17,"column":48}},"line":17},"3":{"name":"(anonymous_3)","decl":{"start":{"line":19,"column":12},"end":{"line":19,"column":13}},"loc":{"start":{"line":19,"column":24},"end":{"line":21,"column":7}},"line":19},"4":{"name":"(anonymous_4)","decl":{"start":{"line":20,"column":17},"end":{"line":20,"column":18}},"loc":{"start":{"line":20,"column":25},"end":{"line":20,"column":63}},"line":20},"5":{"name":"(anonymous_5)","decl":{"start":{"line":22,"column":13},"end":{"line":22,"column":14}},"loc":{"start":{"line":22,"column":22},"end":{"line":25,"column":7}},"line":22},"6":{"name":"(anonymous_6)","decl":{"start":{"line":24,"column":17},"end":{"line":24,"column":18}},"loc":{"start":{"line":24,"column":25},"end":{"line":24,"column":95}},"line":24},"7":{"name":"(anonymous_7)","decl":{"start":{"line":28,"column":35},"end":{"line":28,"column":36}},"loc":{"start":{"line":28,"column":89},"end":{"line":43,"column":3}},"line":28},"8":{"name":"(anonymous_8)","decl":{"start":{"line":31,"column":48},"end":{"line":31,"column":49}},"loc":{"start":{"line":31,"column":59},"end":{"line":31,"column":94}},"line":31},"9":{"name":"(anonymous_9)","decl":{"start":{"line":34,"column":90},"end":{"line":34,"column":91}},"loc":{"start":{"line":34,"column":112},"end":{"line":37,"column":7}},"line":34},"10":{"name":"(anonymous_10)","decl":{"start":{"line":38,"column":60},"end":{"line":38,"column":61}},"loc":{"start":{"line":38,"column":75},"end":{"line":38,"column":98}},"line":38},"11":{"name":"(anonymous_11)","decl":{"start":{"line":40,"column":58},"end":{"line":40,"column":59}},"loc":{"start":{"line":40,"column":79},"end":{"line":40,"column":101}},"line":40},"12":{"name":"(anonymous_12)","decl":{"start":{"line":45,"column":27},"end":{"line":45,"column":28}},"loc":{"start":{"line":45,"column":43},"end":{"line":45,"column":93}},"line":45},"13":{"name":"(anonymous_13)","decl":{"start":{"line":45,"column":62},"end":{"line":45,"column":63}},"loc":{"start":{"line":45,"column":73},"end":{"line":45,"column":92}},"line":45},"14":{"name":"(anonymous_14)","decl":{"start":{"line":47,"column":28},"end":{"line":47,"column":29}},"loc":{"start":{"line":47,"column":44},"end":{"line":54,"column":3}},"line":47},"15":{"name":"(anonymous_15)","decl":{"start":{"line":49,"column":27},"end":{"line":49,"column":28}},"loc":{"start":{"line":49,"column":38},"end":{"line":52,"column":5}},"line":49},"16":{"name":"(anonymous_16)","decl":{"start":{"line":56,"column":25},"end":{"line":56,"column":26}},"loc":{"start":{"line":56,"column":53},"end":{"line":58,"column":3}},"line":56},"17":{"name":"(anonymous_17)","decl":{"start":{"line":57,"column":97},"end":{"line":57,"column":98}},"loc":{"start":{"line":57,"column":112},"end":{"line":57,"column":128}},"line":57}},"branchMap":{"0":{"loc":{"start":{"line":33,"column":4},"end":{"line":42,"column":5}},"type":"if","locations":[{"start":{"line":33,"column":4},"end":{"line":42,"column":5}},{"start":{},"end":{}}],"line":33},"1":{"loc":{"start":{"line":35,"column":33},"end":{"line":35,"column":59}},"type":"binary-expr","locations":[{"start":{"line":35,"column":33},"end":{"line":35,"column":54}},{"start":{"line":35,"column":58},"end":{"line":35,"column":59}}],"line":35},"2":{"loc":{"start":{"line":51,"column":33},"end":{"line":51,"column":61}},"type":"binary-expr","locations":[{"start":{"line":51,"column":33},"end":{"line":51,"column":56}},{"start":{"line":51,"column":60},"end":{"line":51,"column":61}}],"line":51},"3":{"loc":{"start":{"line":57,"column":11},"end":{"line":57,"column":134}},"type":"cond-expr","locations":[{"start":{"line":57,"column":42},"end":{"line":57,"column":129}},{"start":{"line":57,"column":132},"end":{"line":57,"column":134}}],"line":57}},"s":{"0":1,"1":16,"2":16,"3":16,"4":16,"5":16,"6":16,"7":6,"8":6,"9":6,"10":5,"11":3,"12":1,"13":1,"14":1,"15":16,"16":0,"17":0,"18":0,"19":0,"20":0,"21":0,"22":0,"23":0,"24":0,"25":0,"26":0,"27":0,"28":0,"29":0,"30":16,"31":17,"32":16,"33":16,"34":0,"35":0,"36":0,"37":0,"38":0,"39":16,"40":0,"41":0,"42":16,"43":16},"f":{"0":16,"1":6,"2":6,"3":5,"4":3,"5":1,"6":1,"7":0,"8":0,"9":0,"10":0,"11":0,"12":17,"13":16,"14":0,"15":0,"16":0,"17":0},"b":{"0":[0,0],"1":[0,0],"2":[0,0],"3":[0,0]},"_coverageSchema":"1a1c01bbd47fc00a2c39e90264f33305004495a9","hash":"e3ea8353776ffa41807254c520765e548f594cdd"}
,"/home/thiagobutignon/dev/free-the-freela/src/presentation/pages/home.tsx": {"path":"/home/thiagobutignon/dev/free-the-freela/src/presentation/pages/home.tsx","statementMap":{"0":{"start":{"line":14,"column":37},"end":{"line":92,"column":1}},"1":{"start":{"line":24,"column":6},"end":{"line":24,"column":36}},"2":{"start":{"line":26,"column":22},"end":{"line":26,"column":41}},"3":{"start":{"line":28,"column":34},"end":{"line":36,"column":3}},"4":{"start":{"line":38,"column":34},"end":{"line":71,"column":3}},"5":{"start":{"line":66,"column":8},"end":{"line":68,"column":24}},"6":{"start":{"line":73,"column":2},"end":{"line":91,"column":3}}},"fnMap":{"0":{"name":"(anonymous_0)","decl":{"start":{"line":14,"column":37},"end":{"line":14,"column":38}},"loc":{"start":{"line":14,"column":61},"end":{"line":92,"column":1}},"line":14},"1":{"name":"(anonymous_1)","decl":{"start":{"line":65,"column":14},"end":{"line":65,"column":15}},"loc":{"start":{"line":65,"column":68},"end":{"line":69,"column":7}},"line":65}},"branchMap":{"0":{"loc":{"start":{"line":81,"column":7},"end":{"line":87,"column":7}},"type":"binary-expr","locations":[{"start":{"line":81,"column":7},"end":{"line":81,"column":19}},{"start":{"line":82,"column":8},"end":{"line":86,"column":10}}],"line":81}},"s":{"0":0,"1":0,"2":0,"3":0,"4":0,"5":0,"6":0},"f":{"0":0,"1":0},"b":{"0":[0,0]}}
}
